<?xml version="1.0" encoding="UTF-8"?>
<testsuite name="Cucumber" time="31.205" tests="10" skipped="0" failures="7" errors="0">
<testcase classname="Check that correct item is added in the cart" name="Login into the website and add item to the cart. Check that the correct item is in the cart. - Example #1.1" time="4.468">
<system-out><![CDATA[
When Enter url in browser...................................................passed
And All login elements are visible..........................................passed
And I fill username field: "standard_user"..................................passed
And I fill password field: "secret_sauce"...................................passed
And I click on Login button.................................................passed
And I have successfully logged in...........................................passed
And Products are available in the store.....................................passed
And I add item with "Sauce Labs Backpack" to the cart.......................passed
Then I check that the correct item with "Sauce Labs Backpack" is in the cart.passed
]]></system-out>
</testcase>
<testcase classname="Check that correct item is added in the cart" name="Login into the website and add item to the cart. Check that the correct item is in the cart. - Example #1.2" time="2.396">
<failure type="java.lang.AssertionError">
<![CDATA[java.lang.AssertionError
	at org.junit.Assert.fail(Assert.java:87)
	at org.junit.Assert.assertTrue(Assert.java:42)
	at org.junit.Assert.assertTrue(Assert.java:53)
	at cucumber.stepDefinitions.LoginSteps.iHaveSuccessfullyLoggedIn(LoginSteps.java:67)
	at ✽.I have successfully logged in(file:///C:/Users/roman/Desktop/destiny%20-%20task/entry%20task/28stone_QA/src/test/resources/features/Login.feature:10)
]]>
</failure>
<system-out><![CDATA[
When Enter url in browser...................................................passed
And All login elements are visible..........................................passed
And I fill username field: "standard_user"..................................passed
And I fill password field: ""...............................................passed
And I click on Login button.................................................passed
And I have successfully logged in...........................................failed
And Products are available in the store.....................................skipped
And I add item with "Sauce Labs Backpack" to the cart.......................skipped
Then I check that the correct item with "Sauce Labs Backpack" is in the cart.skipped
]]></system-out>
</testcase>
<testcase classname="Check that correct item is added in the cart" name="Login into the website and add item to the cart. Check that the correct item is in the cart. - Example #1.3" time="2.35">
<failure type="java.lang.AssertionError">
<![CDATA[java.lang.AssertionError
	at org.junit.Assert.fail(Assert.java:87)
	at org.junit.Assert.assertTrue(Assert.java:42)
	at org.junit.Assert.assertTrue(Assert.java:53)
	at cucumber.stepDefinitions.LoginSteps.iHaveSuccessfullyLoggedIn(LoginSteps.java:67)
	at ✽.I have successfully logged in(file:///C:/Users/roman/Desktop/destiny%20-%20task/entry%20task/28stone_QA/src/test/resources/features/Login.feature:10)
]]>
</failure>
<system-out><![CDATA[
When Enter url in browser...................................................passed
And All login elements are visible..........................................passed
And I fill username field: "locked_out_user"................................passed
And I fill password field: "secret_sauce"...................................passed
And I click on Login button.................................................passed
And I have successfully logged in...........................................failed
And Products are available in the store.....................................skipped
And I add item with "Sauce Labs Bike Light" to the cart.....................skipped
Then I check that the correct item with "Sauce Labs Bike Light" is in the cart.skipped
]]></system-out>
</testcase>
<testcase classname="Check that correct item is added in the cart" name="Login into the website and add item to the cart. Check that the correct item is in the cart. - Example #1.4" time="3.489">
<failure type="org.junit.ComparisonFailure" message="Inventory Product and Cart Product do not match. expected:&lt;...o.com/static/media/s[l-404.168b1cce].jpg&gt; but was:&lt;...o.com/static/media/s[auce-pullover-1200x1500.51d7ffaf].jpg&gt;">
<![CDATA[org.junit.ComparisonFailure: Inventory Product and Cart Product do not match. expected:<...o.com/static/media/s[l-404.168b1cce].jpg> but was:<...o.com/static/media/s[auce-pullover-1200x1500.51d7ffaf].jpg>
	at org.junit.Assert.assertEquals(Assert.java:117)
	at cucumber.stepDefinitions.LoginSteps.iCheckThatTheCorrectItemWithIsInTheCart(LoginSteps.java:104)
	at ✽.I check that the correct item with "Sauce Labs Backpack" is in the cart(file:///C:/Users/roman/Desktop/destiny%20-%20task/entry%20task/28stone_QA/src/test/resources/features/Login.feature:13)
]]>
</failure>
<system-out><![CDATA[
When Enter url in browser...................................................passed
And All login elements are visible..........................................passed
And I fill username field: "problem_user"...................................passed
And I fill password field: "secret_sauce"...................................passed
And I click on Login button.................................................passed
And I have successfully logged in...........................................passed
And Products are available in the store.....................................passed
And I add item with "Sauce Labs Backpack" to the cart.......................passed
Then I check that the correct item with "Sauce Labs Backpack" is in the cart.failed
]]></system-out>
</testcase>
<testcase classname="Check that correct item is added in the cart" name="Login into the website and add item to the cart. Check that the correct item is in the cart. - Example #1.5" time="3.538">
<system-out><![CDATA[
When Enter url in browser...................................................passed
And All login elements are visible..........................................passed
And I fill username field: "standard_user"..................................passed
And I fill password field: "secret_sauce"...................................passed
And I click on Login button.................................................passed
And I have successfully logged in...........................................passed
And Products are available in the store.....................................passed
And I add item with "Sauce Labs Fleece Jacket" to the cart..................passed
Then I check that the correct item with "Sauce Labs Fleece Jacket" is in the cart.passed
]]></system-out>
</testcase>
<testcase classname="Check that correct item is added in the cart" name="Login into the website and add item to the cart. Check that the correct item is in the cart. - Example #1.6" time="3.891">
<system-out><![CDATA[
When Enter url in browser...................................................passed
And All login elements are visible..........................................passed
And I fill username field: "error_user".....................................passed
And I fill password field: "secret_sauce"...................................passed
And I click on Login button.................................................passed
And I have successfully logged in...........................................passed
And Products are available in the store.....................................passed
And I add item with "Sauce Labs Onesie" to the cart.........................passed
Then I check that the correct item with "Sauce Labs Onesie" is in the cart..passed
]]></system-out>
</testcase>
<testcase classname="Check that correct item is added in the cart" name="Login into the website and add item to the cart. Check that the correct item is in the cart. - Example #1.7" time="3.54">
<failure type="org.junit.ComparisonFailure" message="Inventory Product and Cart Product do not match. expected:&lt;...o.com/static/media/s[l-404.168b1cce].jpg&gt; but was:&lt;...o.com/static/media/s[auce-backpack-1200x1500.0a0b85a3].jpg&gt;">
<![CDATA[org.junit.ComparisonFailure: Inventory Product and Cart Product do not match. expected:<...o.com/static/media/s[l-404.168b1cce].jpg> but was:<...o.com/static/media/s[auce-backpack-1200x1500.0a0b85a3].jpg>
	at org.junit.Assert.assertEquals(Assert.java:117)
	at cucumber.stepDefinitions.LoginSteps.iCheckThatTheCorrectItemWithIsInTheCart(LoginSteps.java:104)
	at ✽.I check that the correct item with "Sauce Labs Backpack" is in the cart(file:///C:/Users/roman/Desktop/destiny%20-%20task/entry%20task/28stone_QA/src/test/resources/features/Login.feature:13)
]]>
</failure>
<system-out><![CDATA[
When Enter url in browser...................................................passed
And All login elements are visible..........................................passed
And I fill username field: "visual_user"....................................passed
And I fill password field: "secret_sauce"...................................passed
And I click on Login button.................................................passed
And I have successfully logged in...........................................passed
And Products are available in the store.....................................passed
And I add item with "Sauce Labs Backpack" to the cart.......................passed
Then I check that the correct item with "Sauce Labs Backpack" is in the cart.failed
]]></system-out>
</testcase>
<testcase classname="Check that correct item is added in the cart" name="Login into the website and add item to the cart. Check that the correct item is in the cart. - Example #1.8" time="2.23">
<failure type="java.lang.AssertionError">
<![CDATA[java.lang.AssertionError
	at org.junit.Assert.fail(Assert.java:87)
	at org.junit.Assert.assertTrue(Assert.java:42)
	at org.junit.Assert.assertTrue(Assert.java:53)
	at cucumber.stepDefinitions.LoginSteps.iHaveSuccessfullyLoggedIn(LoginSteps.java:67)
	at ✽.I have successfully logged in(file:///C:/Users/roman/Desktop/destiny%20-%20task/entry%20task/28stone_QA/src/test/resources/features/Login.feature:10)
]]>
</failure>
<system-out><![CDATA[
When Enter url in browser...................................................passed
And All login elements are visible..........................................passed
And I fill username field: "random".........................................passed
And I fill password field: "random".........................................passed
And I click on Login button.................................................passed
And I have successfully logged in...........................................failed
And Products are available in the store.....................................skipped
And I add item with "Sauce Labs Onesie" to the cart.........................skipped
Then I check that the correct item with "Sauce Labs Onesie" is in the cart..skipped
]]></system-out>
</testcase>
<testcase classname="Check that correct item is added in the cart" name="Login into the website and add item to the cart. Check that the correct item is in the cart. - Example #1.9" time="2.272">
<failure type="java.lang.AssertionError">
<![CDATA[java.lang.AssertionError
	at org.junit.Assert.fail(Assert.java:87)
	at org.junit.Assert.assertTrue(Assert.java:42)
	at org.junit.Assert.assertTrue(Assert.java:53)
	at cucumber.stepDefinitions.LoginSteps.iHaveSuccessfullyLoggedIn(LoginSteps.java:67)
	at ✽.I have successfully logged in(file:///C:/Users/roman/Desktop/destiny%20-%20task/entry%20task/28stone_QA/src/test/resources/features/Login.feature:10)
]]>
</failure>
<system-out><![CDATA[
When Enter url in browser...................................................passed
And All login elements are visible..........................................passed
And I fill username field: ""...............................................passed
And I fill password field: ""...............................................passed
And I click on Login button.................................................passed
And I have successfully logged in...........................................failed
And Products are available in the store.....................................skipped
And I add item with "Sauce Labs Bike Light" to the cart.....................skipped
Then I check that the correct item with "Sauce Labs Bike Light" is in the cart.skipped
]]></system-out>
</testcase>
<testcase classname="Check that correct item is added in the cart" name="Login into the website and add item to the cart. Check that the correct item is in the cart. - Example #1.10" time="2.846">
<failure type="java.lang.AssertionError" message="Failed: Product not found in product list: fictitious name of item">
<![CDATA[java.lang.AssertionError: Failed: Product not found in product list: fictitious name of item
	at org.junit.Assert.fail(Assert.java:89)
	at cucumber.stepDefinitions.LoginSteps.iAddToTheCart(LoginSteps.java:87)
	at ✽.I add item with "fictitious name of item" to the cart(file:///C:/Users/roman/Desktop/destiny%20-%20task/entry%20task/28stone_QA/src/test/resources/features/Login.feature:12)
]]>
</failure>
<system-out><![CDATA[
When Enter url in browser...................................................passed
And All login elements are visible..........................................passed
And I fill username field: "standard_user"..................................passed
And I fill password field: "secret_sauce"...................................passed
And I click on Login button.................................................passed
And I have successfully logged in...........................................passed
And Products are available in the store.....................................passed
And I add item with "fictitious name of item" to the cart...................failed
Then I check that the correct item with "fictitious name of item" is in the cart.skipped
]]></system-out>
</testcase>
</testsuite>
